[0.008s] Invoking command in '/home/adrien/dev_ws/real_car/build/real_car': CMAKE_PREFIX_PATH=/opt/ros/humble /usr/bin/cmake /home/adrien/dev_ws/real_car -DAMENT_CMAKE_SYMLINK_INSTALL=1 -DCMAKE_INSTALL_PREFIX=/home/adrien/dev_ws/real_car/install/real_car
[0.065s] -- The CXX compiler identification is GNU 11.4.0
[0.072s] -- Detecting CXX compiler ABI info
[0.138s] -- Detecting CXX compiler ABI info - done
[0.147s] -- Check for working CXX compiler: /usr/bin/c++ - skipped
[0.147s] -- Detecting CXX compile features
[0.148s] -- Detecting CXX compile features - done
[0.149s] -- Found ament_cmake: 1.3.8 (/opt/ros/humble/share/ament_cmake/cmake)
[0.261s] -- Found Python3: /usr/bin/python3 (found version "3.10.12") found components: Interpreter 
[0.306s] -- Override CMake install command with custom implementation using symlinks instead of copying resources
[0.335s] [31mCMake Error at CMakeLists.txt:19 (find_package):
[0.335s]   By not providing "Findhardware_interface.cmake" in CMAKE_MODULE_PATH this
[0.335s]   project has asked CMake to find a package configuration file provided by
[0.335s]   "hardware_interface", but CMake did not find one.
[0.335s] 
[0.335s]   Could not find a package configuration file provided by
[0.336s]   "hardware_interface" with any of the following names:
[0.336s] 
[0.336s]     hardware_interfaceConfig.cmake
[0.336s]     hardware_interface-config.cmake
[0.336s] 
[0.336s]   Add the installation prefix of "hardware_interface" to CMAKE_PREFIX_PATH or
[0.336s]   set "hardware_interface_DIR" to a directory containing one of the above
[0.336s]   files.  If "hardware_interface" provides a separate development package or
[0.336s]   SDK, be sure it has been installed.
[0.336s] 
[0.336s] [0m
[0.336s] -- Configuring incomplete, errors occurred!
[0.336s] See also "/home/adrien/dev_ws/real_car/build/real_car/CMakeFiles/CMakeOutput.log".
[0.340s] Invoked command in '/home/adrien/dev_ws/real_car/build/real_car' returned '1': CMAKE_PREFIX_PATH=/opt/ros/humble /usr/bin/cmake /home/adrien/dev_ws/real_car -DAMENT_CMAKE_SYMLINK_INSTALL=1 -DCMAKE_INSTALL_PREFIX=/home/adrien/dev_ws/real_car/install/real_car
